[debug] [2020-10-01T16:09:34.841Z] ----------------------------------------------------------------------
[debug] [2020-10-01T16:09:34.844Z] Command:       C:\Program Files\nodejs\node.exe C:\Users\jenda\AppData\Roaming\npm\node_modules\firebase-tools\lib\bin\firebase.js init
[debug] [2020-10-01T16:09:34.844Z] CLI Version:   8.11.2
[debug] [2020-10-01T16:09:34.844Z] Platform:      win32
[debug] [2020-10-01T16:09:34.844Z] Node Version:  v14.4.0
[debug] [2020-10-01T16:09:34.846Z] Time:          Thu Oct 01 2020 23:09:34 GMT+0700 (Indochina Time)
[debug] [2020-10-01T16:09:34.846Z] ----------------------------------------------------------------------
[debug] [2020-10-01T16:09:34.846Z] 
[debug] [2020-10-01T16:09:34.854Z] > command requires scopes: ["email","openid","https://www.googleapis.com/auth/cloudplatformprojects.readonly","https://www.googleapis.com/auth/firebase","https://www.googleapis.com/auth/cloud-platform"]
[info] 
     ######## #### ########  ######## ########     ###     ######  ########
     ##        ##  ##     ## ##       ##     ##  ##   ##  ##       ##
     ######    ##  ########  ######   ########  #########  ######  ######
     ##        ##  ##    ##  ##       ##     ## ##     ##       ## ##
     ##       #### ##     ## ######## ########  ##     ##  ######  ########

You're about to initialize a Firebase project in this directory:

  D:\fullstackdev-internship-challenge\exercise\vending-machine

[info] 
=== Project Setup
[info] 
[info] First, let's associate this project directory with a Firebase project.
[info] You can create multiple project aliases by running firebase use --add, 
[info] but for now we'll just set up a default project.
[info] 
[debug] [2020-10-01T16:10:57.715Z] >>> HTTP REQUEST GET https://firebase.googleapis.com/v1beta1/projects?pageSize=100  
 
[debug] [2020-10-01T16:10:57.940Z] <<< HTTP RESPONSE 403 {"vary":"X-Origin, Referer, Origin,Accept-Encoding","content-type":"application/json; charset=UTF-8","date":"Thu, 01 Oct 2020 16:10:58 GMT","server":"ESF","cache-control":"private","x-xss-protection":"0","x-frame-options":"SAMEORIGIN","x-content-type-options":"nosniff","alt-svc":"h3-Q050=\":443\"; ma=2592000,h3-29=\":443\"; ma=2592000,h3-27=\":443\"; ma=2592000,h3-T051=\":443\"; ma=2592000,h3-T050=\":443\"; ma=2592000,h3-Q046=\":443\"; ma=2592000,h3-Q043=\":443\"; ma=2592000,quic=\":443\"; ma=2592000; v=\"46,43\"","accept-ranges":"none","transfer-encoding":"chunked"}
[debug] [2020-10-01T16:10:57.941Z] <<< HTTP RESPONSE BODY {"error":{"code":403,"message":"Firebase Management API has not been used in project 798201730136 before or it is disabled. Enable it by visiting https://console.developers.google.com/apis/api/firebase.googleapis.com/overview?project=798201730136 then retry. If you enabled this API recently, wait a few minutes for the action to propagate to our systems and retry.","status":"PERMISSION_DENIED","details":[{"@type":"type.googleapis.com/google.rpc.Help","links":[{"description":"Google developers console API activation","url":"https://console.developers.google.com/apis/api/firebase.googleapis.com/overview?project=798201730136"}]}]}}
[debug] [2020-10-01T16:10:57.944Z] HTTP Error: 403, Firebase Management API has not been used in project 798201730136 before or it is disabled. Enable it by visiting https://console.developers.google.com/apis/api/firebase.googleapis.com/overview?project=798201730136 then retry. If you enabled this API recently, wait a few minutes for the action to propagate to our systems and retry.
[debug] [2020-10-01T16:10:57.947Z] FirebaseError: HTTP Error: 403, Firebase Management API has not been used in project 798201730136 before or it is disabled. Enable it by visiting https://console.developers.google.com/apis/api/firebase.googleapis.com/overview?project=798201730136 then retry. If you enabled this API recently, wait a few minutes for the action to propagate to our systems and retry.
    at module.exports (C:\Users\jenda\AppData\Roaming\npm\node_modules\firebase-tools\lib\responseToError.js:38:12)
    at Request._callback (C:\Users\jenda\AppData\Roaming\npm\node_modules\firebase-tools\lib\api.js:41:35)
    at Request.self.callback (C:\Users\jenda\AppData\Roaming\npm\node_modules\firebase-tools\node_modules\request\request.js:185:22)
    at Request.emit (events.js:315:20)
    at Request.EventEmitter.emit (domain.js:485:12)
    at Request.<anonymous> (C:\Users\jenda\AppData\Roaming\npm\node_modules\firebase-tools\node_modules\request\request.js:1154:10)
    at Request.emit (events.js:315:20)
    at Request.EventEmitter.emit (domain.js:485:12)
    at IncomingMessage.<anonymous> (C:\Users\jenda\AppData\Roaming\npm\node_modules\firebase-tools\node_modules\request\request.js:1076:12)
    at Object.onceWrapper (events.js:421:28)
    at IncomingMessage.emit (events.js:327:22)
    at IncomingMessage.EventEmitter.emit (domain.js:485:12)
    at endReadableNT (_stream_readable.js:1224:12)
    at processTicksAndRejections (internal/process/task_queues.js:84:21)
[error] 
[error] Error: Failed to list Firebase projects. See firebase-debug.log for more info.
[debug] [2020-10-01T16:11:15.463Z] ----------------------------------------------------------------------
[debug] [2020-10-01T16:11:15.466Z] Command:       C:\Program Files\nodejs\node.exe C:\Users\jenda\AppData\Roaming\npm\node_modules\firebase-tools\lib\bin\firebase.js init
[debug] [2020-10-01T16:11:15.466Z] CLI Version:   8.11.2
[debug] [2020-10-01T16:11:15.467Z] Platform:      win32
[debug] [2020-10-01T16:11:15.467Z] Node Version:  v14.4.0
[debug] [2020-10-01T16:11:15.468Z] Time:          Thu Oct 01 2020 23:11:15 GMT+0700 (Indochina Time)
[debug] [2020-10-01T16:11:15.468Z] ----------------------------------------------------------------------
[debug] [2020-10-01T16:11:15.468Z] 
[debug] [2020-10-01T16:11:15.476Z] > command requires scopes: ["email","openid","https://www.googleapis.com/auth/cloudplatformprojects.readonly","https://www.googleapis.com/auth/firebase","https://www.googleapis.com/auth/cloud-platform"]
[info] 
     ######## #### ########  ######## ########     ###     ######  ########
     ##        ##  ##     ## ##       ##     ##  ##   ##  ##       ##
     ######    ##  ########  ######   ########  #########  ######  ######
     ##        ##  ##    ##  ##       ##     ## ##     ##       ## ##
     ##       #### ##     ## ######## ########  ##     ##  ######  ########

You're about to initialize a Firebase project in this directory:

  D:\fullstackdev-internship-challenge\exercise\vending-machine

[info] 
=== Project Setup
[info] 
[info] First, let's associate this project directory with a Firebase project.
[info] You can create multiple project aliases by running firebase use --add, 
[info] but for now we'll just set up a default project.
[info] 
[info] i  If you want to create a project in a Google Cloud organization or folder, please use "firebase projects:create" instead, and return to this command when you've created the project. 
[debug] [2020-10-01T16:13:11.055Z] >>> HTTP REQUEST POST https://cloudresourcemanager.googleapis.com/v1/projects  
 {"projectId":"atichat-challenge","name":"challenge"}
[debug] [2020-10-01T16:13:12.253Z] <<< HTTP RESPONSE 403 {"vary":"X-Origin, Referer, Origin,Accept-Encoding","content-type":"application/json; charset=UTF-8","date":"Thu, 01 Oct 2020 16:13:12 GMT","server":"ESF","cache-control":"private","x-xss-protection":"0","x-frame-options":"SAMEORIGIN","x-content-type-options":"nosniff","server-timing":"gfet4t7; dur=1010","alt-svc":"h3-Q050=\":443\"; ma=2592000,h3-29=\":443\"; ma=2592000,h3-27=\":443\"; ma=2592000,h3-T051=\":443\"; ma=2592000,h3-T050=\":443\"; ma=2592000,h3-Q046=\":443\"; ma=2592000,h3-Q043=\":443\"; ma=2592000,quic=\":443\"; ma=2592000; v=\"46,43\"","accept-ranges":"none","transfer-encoding":"chunked"}
[debug] [2020-10-01T16:13:12.254Z] <<< HTTP RESPONSE BODY {"error":{"code":403,"message":"Cloud Resource Manager API has not been used in project 798201730136 before or it is disabled. Enable it by visiting https://console.developers.google.com/apis/api/cloudresourcemanager.googleapis.com/overview?project=798201730136 then retry. If you enabled this API recently, wait a few minutes for the action to propagate to our systems and retry.","status":"PERMISSION_DENIED","details":[{"@type":"type.googleapis.com/google.rpc.Help","links":[{"description":"Google developers console API activation","url":"https://console.developers.google.com/apis/api/cloudresourcemanager.googleapis.com/overview?project=798201730136"}]}]}}
[debug] [2020-10-01T16:13:12.274Z] FirebaseError: HTTP Error: 403, Cloud Resource Manager API has not been used in project 798201730136 before or it is disabled. Enable it by visiting https://console.developers.google.com/apis/api/cloudresourcemanager.googleapis.com/overview?project=798201730136 then retry. If you enabled this API recently, wait a few minutes for the action to propagate to our systems and retry.
    at module.exports (C:\Users\jenda\AppData\Roaming\npm\node_modules\firebase-tools\lib\responseToError.js:38:12)
    at Request._callback (C:\Users\jenda\AppData\Roaming\npm\node_modules\firebase-tools\lib\api.js:41:35)
    at Request.self.callback (C:\Users\jenda\AppData\Roaming\npm\node_modules\firebase-tools\node_modules\request\request.js:185:22)
    at Request.emit (events.js:315:20)
    at Request.EventEmitter.emit (domain.js:485:12)
    at Request.<anonymous> (C:\Users\jenda\AppData\Roaming\npm\node_modules\firebase-tools\node_modules\request\request.js:1154:10)
    at Request.emit (events.js:315:20)
    at Request.EventEmitter.emit (domain.js:485:12)
    at IncomingMessage.<anonymous> (C:\Users\jenda\AppData\Roaming\npm\node_modules\firebase-tools\node_modules\request\request.js:1076:12)
    at Object.onceWrapper (events.js:421:28)
    at IncomingMessage.emit (events.js:327:22)
    at IncomingMessage.EventEmitter.emit (domain.js:485:12)
    at endReadableNT (_stream_readable.js:1224:12)
    at processTicksAndRejections (internal/process/task_queues.js:84:21)
[error] 
[error] Error: Failed to create project. See firebase-debug.log for more info.
